2023-08-06 06:28:38.447805 - Initialized conversion of CBT684
2023-08-06 06:28:38.743929 - Received CBT.V505.FILE684.PDS from FILE684.XMI 
2023-08-06 06:28:38.746302 - Found $$$$DOC.txt (text/plain) in CBT.V505.FILE684.PDS, moved to PDS/$$$$DOC
2023-08-06 06:28:38.747379 - Found $$$#DATE.txt (text/plain) in CBT.V505.FILE684.PDS, moved to PDS/$$$#DATE
2023-08-06 06:28:38.748386 - Found $$IEFU83.txt (text/plain) in CBT.V505.FILE684.PDS, moved to PDS/$$IEFU83
2023-08-06 06:28:38.749277 - Found $CLINE.txt (text/plain) in CBT.V505.FILE684.PDS, moved to PDS/$CLINE
2023-08-06 06:28:38.750297 - Found $CVTIME.txt (text/plain) in CBT.V505.FILE684.PDS, moved to PDS/$CVTIME
2023-08-06 06:28:38.751244 - Found $EDIT.txt (text/plain) in CBT.V505.FILE684.PDS, moved to PDS/$EDIT
2023-08-06 06:28:38.752142 - Found $EDITK.txt (text/plain) in CBT.V505.FILE684.PDS, moved to PDS/$EDITK
2023-08-06 06:28:38.753017 - Found $PUTYS.txt (text/plain) in CBT.V505.FILE684.PDS, moved to PDS/$PUTYS
2023-08-06 06:28:38.753894 - Found $U83INDX.txt (text/plain) in CBT.V505.FILE684.PDS, moved to PDS/$U83INDX
2023-08-06 06:28:38.754857 - Found $U83INFO.txt (text/plain) in CBT.V505.FILE684.PDS, moved to PDS/$U83INFO
2023-08-06 06:28:38.755746 - Found #CVIP.txt (text/plain) in CBT.V505.FILE684.PDS, moved to PDS/#CVIP
2023-08-06 06:28:38.756621 - Found @FILE684.txt (text/plain) in CBT.V505.FILE684.PDS, moved to PDS/@FILE684
2023-08-06 06:28:38.757548 - Found CHKSWAP.txt (text/plain) in CBT.V505.FILE684.PDS, moved to PDS/CHKSWAP
2023-08-06 06:28:38.758540 - Found CHKSWAP$.jcl (text/plain) in CBT.V505.FILE684.PDS, moved to PDS/CHKSWAP$
2023-08-06 06:28:38.759549 - Found DUMPSMF.txt (text/plain) in CBT.V505.FILE684.PDS, moved to PDS/DUMPSMF
2023-08-06 06:28:38.760490 - Found EDIT.txt (text/plain) in CBT.V505.FILE684.PDS, moved to PDS/EDIT
2023-08-06 06:28:38.761460 - Found IEFACTRT.txt (text/plain) in CBT.V505.FILE684.PDS, moved to PDS/IEFACTRT
2023-08-06 06:28:38.762456 - Found IEFUTL.txt (text/plain) in CBT.V505.FILE684.PDS, moved to PDS/IEFUTL
2023-08-06 06:28:38.763409 - Found IEFU29.txt (text/plain) in CBT.V505.FILE684.PDS, moved to PDS/IEFU29
2023-08-06 06:28:38.764303 - Found IEFU29A.txt (text/plain) in CBT.V505.FILE684.PDS, moved to PDS/IEFU29A
2023-08-06 06:28:38.765219 - Found IEFU83.txt (text/plain) in CBT.V505.FILE684.PDS, moved to PDS/IEFU83
2023-08-06 06:28:38.766172 - Found MPFLST83.txt (text/plain) in CBT.V505.FILE684.PDS, moved to PDS/MPFLST83
2023-08-06 06:28:38.767120 - Found MSGFLUSH.txt (text/plain) in CBT.V505.FILE684.PDS, moved to PDS/MSGFLUSH
2023-08-06 06:28:38.767981 - Found MSGJOBLG.txt (text/plain) in CBT.V505.FILE684.PDS, moved to PDS/MSGJOBLG
2023-08-06 06:28:38.768806 - Found MSGNOJLG.txt (text/plain) in CBT.V505.FILE684.PDS, moved to PDS/MSGNOJLG
2023-08-06 06:28:38.769642 - Found MSGNOLOG.txt (text/plain) in CBT.V505.FILE684.PDS, moved to PDS/MSGNOLOG
2023-08-06 06:28:38.770524 - Found PDSSCAN.txt (text/plain) in CBT.V505.FILE684.PDS, moved to PDS/PDSSCAN
2023-08-06 06:28:38.771387 - Found PDSUPDTE.jcl (text/plain) in CBT.V505.FILE684.PDS, moved to PDS/PDSUPDTE
2023-08-06 06:28:38.772202 - Found PURGSMF.txt (text/plain) in CBT.V505.FILE684.PDS, moved to PDS/PURGSMF
2023-08-06 06:28:38.773185 - Found RGSMF.txt (text/plain) in CBT.V505.FILE684.PDS, moved to PDS/RGSMF
2023-08-06 06:28:38.774083 - Found SMFDUMP.txt (text/plain) in CBT.V505.FILE684.PDS, moved to PDS/SMFDUMP
2023-08-06 06:28:38.775089 - Found SVCMAB.rexx (text/plain) in CBT.V505.FILE684.PDS, moved to PDS/SVCMAB
2023-08-06 06:28:38.775967 - Found SVCMAE.rexx (text/plain) in CBT.V505.FILE684.PDS, moved to PDS/SVCMAE
2023-08-06 06:28:38.776869 - Found SVCMAP.txt (text/plain) in CBT.V505.FILE684.PDS, moved to PDS/SVCMAP
2023-08-06 06:28:38.777858 - Found SVCMAP$.jcl (text/plain) in CBT.V505.FILE684.PDS, moved to PDS/SVCMAP$
2023-08-06 06:28:38.778768 - Found SVCMAR.rexx (text/plain) in CBT.V505.FILE684.PDS, moved to PDS/SVCMAR
2023-08-06 06:28:38.779767 - Found SVCMAV.rexx (text/plain) in CBT.V505.FILE684.PDS, moved to PDS/SVCMAV
2023-08-06 06:28:38.780704 - Found TCPU83.txt (text/plain) in CBT.V505.FILE684.PDS, moved to PDS/TCPU83
2023-08-06 06:28:38.781687 - Found TCPU84.txt (text/plain) in CBT.V505.FILE684.PDS, moved to PDS/TCPU84
2023-08-06 06:28:38.782634 - Found UPO.txt (text/plain) in CBT.V505.FILE684.PDS, moved to PDS/UPO
2023-08-06 06:28:38.783616 - Found UPRINT.txt (text/plain) in CBT.V505.FILE684.PDS, moved to PDS/UPRINT
